Flutter crash report.
Please report a bug at https://github.com/flutter/flutter/issues.

## command

flutter --quiet assemble --no-version-check --depfile C:\Users\hp\Downloads\ecommerce-instant-flutter-main\ecommerce-instant-flutter-main\build\app\intermediates\flutter\debug/flutter_build.d --output C:\Users\hp\Downloads\ecommerce-instant-flutter-main\ecommerce-instant-flutter-main\build\app\intermediates\flutter\debug -dTargetFile=C:\Users\hp\Downloads\ecommerce-instant-flutter-main\ecommerce-instant-flutter-main\lib\main.dart -dTargetPlatform=android -dBuildMode=debug -dTrackWidgetCreation=true --DartDefines=RkxVVFRFUl9XRUJfQVVUT19ERVRFQ1Q9dHJ1ZQ== debug_android_application

## exception

FileSystemException: FileSystemException: Cannot delete file, path = 'C:\Users\hp\Downloads\ecommerce-instant-flutter-main\ecommerce-instant-flutter-main\.dart_tool\flutter_build\7e143c2149bc35d1bd6b08166e3cf2fc\debug_android_application.stamp' (OS Error: The process cannot access the file because it is being used by another process.
, errno = 32)

```
#0      _File.throwIfError (dart:io/file_impl.dart:635:7)
#1      _File._deleteSync (dart:io/file_impl.dart:298:5)
#2      FileSystemEntity.deleteSync (dart:io/file_system_entity.dart:427:7)
#3      ForwardingFileSystemEntity.deleteSync (package:file/src/forwarding/forwarding_file_system_entity.dart:70:16)
#4      ForwardingFileSystemEntity.deleteSync (package:file/src/forwarding/forwarding_file_system_entity.dart:70:16)
#5      ErrorHandlingFileSystem.deleteIfExists (package:flutter_tools/src/base/error_handling_io.dart:82:12)
#6      Target.clearStamp (package:flutter_tools/src/build_system/build_system.dart:164:29)
#7      _BuildInstance._invokeInternal (package:flutter_tools/src/build_system/build_system.dart:868:19)
<asynchronous suspension>
#8      FlutterBuildSystem.build (package:flutter_tools/src/build_system/build_system.dart:606:16)
<asynchronous suspension>
#9      AssembleCommand.runCommand (package:flutter_tools/src/commands/assemble.dart:316:32)
<asynchronous suspension>
#10     FlutterCommand.run.<anonymous closure> (package:flutter_tools/src/runner/flutter_command.dart:1209:27)
<asynchronous suspension>
#11     AppContext.run.<anonymous closure> (package:flutter_tools/src/base/context.dart:150:19)
<asynchronous suspension>
#12     CommandRunner.runCommand (package:args/command_runner.dart:209:13)
<asynchronous suspension>
#13     FlutterCommandRunner.runCommand.<anonymous closure> (package:flutter_tools/src/runner/flutter_command_runner.dart:281:9)
<asynchronous suspension>
#14     AppContext.run.<anonymous closure> (package:flutter_tools/src/base/context.dart:150:19)
<asynchronous suspension>
#15     FlutterCommandRunner.runCommand (package:flutter_tools/src/runner/flutter_command_runner.dart:229:5)
<asynchronous suspension>
#16     run.<anonymous closure>.<anonymous closure> (package:flutter_tools/runner.dart:62:9)
<asynchronous suspension>
#17     AppContext.run.<anonymous closure> (package:flutter_tools/src/base/context.dart:150:19)
<asynchronous suspension>
#18     main (package:flutter_tools/executable.dart:91:3)
<asynchronous suspension>
```

## flutter doctor

```
[✓] Flutter (Channel stable, 3.3.1, on Microsoft Windows [Version 10.0.19045.3208], locale en-US)
    • Flutter version 3.3.1 on channel stable at C:\src\flutter
    • Upstream repository https://github.com/flutter/flutter.git
    • Framework revision 4f9d92fbbd (10 months ago), 2022-09-06 17:54:53 -0700
    • Engine revision 3efdf03e73
    • Dart version 2.18.0
    • DevTools version 2.15.0

[✓] Android toolchain - develop for Android devices (Android SDK version 30.0.2)
    • Android SDK at C:\Users\hp\AppData\Local\Android\sdk
    • Platform android-31, build-tools 30.0.2
    • Java binary at: C:\Program Files\Android\Android Studio\jre\bin\java
    • Java version OpenJDK Runtime Environment (build 1.8.0_242-release-1644-b01)
    • All Android licenses accepted.

[✓] Chrome - develop for the web
    • Chrome at C:\Program Files (x86)\Google\Chrome\Application\chrome.exe

[✗] Visual Studio - develop for Windows
    ✗ Visual Studio not installed; this is necessary for Windows development.
      Download at https://visualstudio.microsoft.com/downloads/.
      Please install the "Desktop development with C++" workload, including all of its default components

[✓] Android Studio (version 4.0)
    • Android Studio at C:\Program Files\Android\Android Studio
    • Flutter plugin version 49.0.2
    • Dart plugin version 193.7547
    • Java version OpenJDK Runtime Environment (build 1.8.0_242-release-1644-b01)

[✓] VS Code (version 1.80.0)
    • VS Code at C:\Users\hp\AppData\Local\Programs\Microsoft VS Code
    • Flutter extension version 3.48.0

[✓] Connected device (4 available)
    • Android SDK built for x86 (mobile) • emulator-5554 • android-x86    • Android 10 (API 29) (emulator)
    • Windows (desktop)                  • windows       • windows-x64    • Microsoft Windows [Version 10.0.19045.3208]
    • Chrome (web)                       • chrome        • web-javascript • Google Chrome 114.0.5735.199
    • Edge (web)                         • edge          • web-javascript • Microsoft Edge 114.0.1823.79

[✓] HTTP Host Availability
    • All required HTTP hosts are available

! Doctor found issues in 1 category.
```
